<?xml version="1.0" encoding="UTF-8"?>
<!-- Generated by org.testng.reporters.JUnitReportReporter -->
<testsuite skipped="0" hostname="MIS-PC" name="SampleFirefox" tests="1" failures="0" timestamp="18 Aug 2017 12:52:32 GMT" time="9.679" errors="0">
  <testcase name="testSample" time="9.679" classname="SampleFirefox"/>
</testsuite> <!-- SampleFirefox -->
