<?xml version="1.0" encoding="UTF-8"?>
<testsuite xmlns:xsi="http://www.w3.org/2001/XMLSchema-instance" xsi:noNamespaceSchemaLocation="https://maven.apache.org/surefire/maven-surefire-plugin/xsd/surefire-test-report.xsd" name="TestSuite" time="9.953" tests="1" errors="0" skipped="0" failures="0">
  <properties>
    <property name="PROCESSOR_ARCHITECTURE" value="AMD64"/>
    <property name="file.encoding.pkg" value="sun.io"/>
    <property name="LOGONSERVER" value="\\HPSERVER1"/>
    <property name="ProgramData" value="C:\ProgramData"/>
    <property name="java.home" value="C:\Program Files\Java\jdk1.8.0_144\jre"/>
    <property name="TITLE" value="Tomcat"/>
    <property name="ROOT_BUILD_CAUSE" value="MANUALTRIGGER"/>
    <property name="NODE_NAME" value="master"/>
    <property name="CATALINA_HOME" value="D:\Works\apache-tomcat-9.0.0.M26"/>
    <property name="ALLUSERSPROFILE" value="C:\ProgramData"/>
    <property name="java.endorsed.dirs" value="C:\Program Files\Java\jdk1.8.0_144\jre\lib\endorsed"/>
    <property name="PSModulePath" value="C:\Windows\system32\WindowsPowerShell\v1.0\Modules\"/>
    <property name="=::" value="::\"/>
    <property name="USERDOMAIN" value="SOLIXINDIA"/>
    <property name="sun.os.patch.level" value=""/>
    <property name="java.vendor.url" value="http://java.oracle.com/"/>
    <property name="JAVA_OPTS" value=" &quot;-Djdk.tls.ephemeralDHKeySize=2048&quot; -Djava.protocol.handler.pkgs=org.apache.catalina.webresources"/>
    <property name="CommonProgramFiles(x86)" value="C:\Program Files (x86)\Common Files"/>
    <property name="java.version" value="1.8.0_144"/>
    <property name="JOB_NAME" value="Sample Test Job"/>
    <property name="COMPUTERNAME" value="MIS-PC"/>
    <property name="EXECUTABLE" value="D:\Works\apache-tomcat-9.0.0.M26\bin\catalina.bat"/>
    <property name="java.vendor.url.bug" value="http://bugreport.sun.com/bugreport/"/>
    <property name="PUBLIC" value="C:\Users\Public"/>
    <property name="BUILD_CAUSE" value="MANUALTRIGGER"/>
    <property name="user.name" value="ravi.kiran"/>
    <property name="sun.io.unicode.encoding" value="UnicodeLittle"/>
    <property name="sun.jnu.encoding" value="Cp1252"/>
    <property name="java.runtime.name" value="Java(TM) SE Runtime Environment"/>
    <property name="windir" value="C:\Windows"/>
    <property name="PROCESSOR_IDENTIFIER" value="Intel64 Family 6 Model 94 Stepping 3, GenuineIntel"/>
    <property name="java.specification.name" value="Java Platform API Specification"/>
    <property name="LOCALAPPDATA" value="C:\Users\ravi.kiran\AppData\Local"/>
    <property name="RUN_CHANGES_DISPLAY_URL" value="http://unconfigured-jenkins-location/job/Sample%20Test%20Job/11/display/redirect?page=changes"/>
    <property name="user.timezone" value="Asia/Calcutta"/>
    <property name="user.script" value=""/>
    <property name="path.separator" value=";"/>
    <property name="NUMBER_OF_PROCESSORS" value="8"/>
    <property name="BUILD_TAG" value="jenkins-Sample Test Job-11"/>
    <property name="file.encoding" value="Cp1252"/>
    <property name="sun.java.command" value="jenkins.maven3.agent.Maven35Main D:\Works\apache-maven-3.5.0 D:\Works\apache-tomcat-9.0.0.M26\webapps\jenkins\WEB-INF\lib\remoting-3.10.jar C:\Users\ravi.kiran\.jenkins\plugins\maven-plugin\WEB-INF\lib\maven35-interceptor-1.11.jar C:\Users\ravi.kiran\.jenkins\plugins\maven-plugin\WEB-INF\lib\maven3-interceptor-commons-1.11.jar 53516"/>
    <property name="JENKINS_SERVER_COOKIE" value="f5d24f0b7a7d65c0"/>
    <property name="=D:" value="D:\Works\apache-tomcat-9.0.0.M26\bin"/>
    <property name="EXECUTOR_NUMBER" value="1"/>
    <property name="Path" value="C:\ProgramData\Oracle\Java\javapath;C:\Windows\system32;C:\Windows;C:\Windows\System32\Wbem;C:\Windows\System32\WindowsPowerShell\v1.0\;C:\Program Files\PuTTY\;C:\Windows\system32;C:\Windows;C:\Windows\System32\Wbem;C:\Windows\TEMP;C:\Windows\system32;C:\Windows;C:\Windows\System32\Wbem;C:\Windows\system32;C:\Windows;C:\Windows\System32\Wbem;C:\Windows\system32;C:\Windows;C:\Windows\System32\Wbem;%JAVA_HOME%\bin;%JAVA_HOME%\lib;%M2_HOME%\bin;%M2_HOME%\lib;C:\Windows\system32;C:\Windows;C:\Windows\System32\Wbem;C:\Program Files\Git\cmd;C:\Program Files\TortoiseGit\bin;C:\ProgramData\Oracle\Java\javapath;C:\Windows\system32;C:\Windows;C:\Windows\System32\Wbem;C:\Windows\System32\WindowsPowerShell\v1.0\;C:\Program Files\PuTTY\;D:\Works\apache-maven-3.5.0\bin;D:\Works\apache-maven-3.5.0\lib;C:\Windows\system32;C:\Windows;C:\Windows\System32\Wbem;C:\Windows\system32;C:\Windows;C:\Windows\System32\Wbem;C:\Windows\system32;C:\Windows;C:\Windows\System32\Wbem;C:\Windows\system32;C:\Windows;C:\Windows\System32\Wbem;C:\Windows\system32;C:\Windows;C:\Windows\System32\Wbem;C:\Windows\system32;C:\Windows;C:\Windows\System32\Wbem;C:\Windows\system32;C:\Windows;C:\Windows\System32\Wbem;C:\Windows\system32;C:\Windows;C:\Windows\System32\Wbem;C:\Windows\system32;C:\Windows;C:\Windows\System32\Wbem;C:\Windows\system32;C:\Windows;C:\Windows\System32\Wbem;C:\Windows\system32;C:\Windows;C:\Windows\System32\Wbem;C:\Windows\system32;C:\Windows;C:\Windows\System32\Wbem;C:\Windows\system32;C:\Windows;C:\Windows\System32\Wbem;C:\Windows\system32;C:\Windows;C:\Windows\System32\Wbem;C:\Windows\system32;C:\Windows;C:\Windows\System32\Wbem;C:\Windows\system32;C:\Windows;C:\Windows\System32\Wbem;C:\Windows\system32;C:\Windows;C:\Windows\System32\Wbem;C:\Windows\system32;C:\Windows;C:\Windows\System32\Wbem;C:\Windows\system32;C:\Windows;C:\Windows\System32\Wbem;C:\Windows\system32;C:\Windows;C:\Windows\System32\Wbem;C:\Windows\system32;C:\Windows;C:\Windows\System32\Wbem;C:\Windows\system32;C:\Windows;C:\Windows\System32\Wbem;C:\Windows\system32;C:\Windows;C:\Windows\System32\Wbem;C:\Windows\system32;C:\Windows;C:\Windows\System32\Wbem;C:\Windows\system32;C:\Windows;C:\Windows\System32\Wbem;C:\Windows\system32;C:\Windows;C:\Windows\System32\Wbem;C:\Windows\system32;C:\Windows;C:\Windows\System32\Wbem;C:\Windows\system32;C:\Windows;C:\Windows\System32\Wbem;C:\Windows\system32;C:\Windows;C:\Windows\System32\Wbem;C:\Windows\system32;C:\Windows;C:\Windows\System32\Wbem;C:\Windows\system32;C:\Windows;C:\Windows\System32\Wbem;C:\Windows\system32;C:\Windows;C:\Windows\System32\Wbem;C:\Windows\system32;C:\Windows;C:\Windows\System32\Wbem;C:\Windows\system32;C:\Windows;C:\Windows\System32\Wbem;C:\Windows\system32;C:\Windows;C:\Windows\System32\Wbem;C:\Windows\system32;C:\Windows;C:\Windows\System32\Wbem;C:\Windows\system32;C:\Windows;C:\Windows\System32\Wbem;C:\Windows\system32;C:\Windows;C:\Windows\System32\Wbem"/>
    <property name="java.io.tmpdir" value="C:\Users\RAVI~1.KIR\AppData\Local\Temp\"/>
    <property name="APPDATA" value="C:\Users\ravi.kiran\AppData\Roaming"/>
    <property name="user.language" value="en"/>
    <property name="CATALINA_TMPDIR" value="D:\Works\apache-tomcat-9.0.0.M26\temp"/>
    <property name="line.separator" value="&#10;"/>
    <property name="ACTION" value="start"/>
    <property name="M2_HOME" value="D:\Works\apache-maven-3.5.0"/>
    <property name="java.vm.info" value="mixed mode"/>
    <property name="sun.desktop" value="windows"/>
    <property name="java.vm.specification.name" value="Java Virtual Machine Specification"/>
    <property name="BUILD_DISPLAY_NAME" value="#11"/>
    <property name="OS" value="Windows_NT"/>
    <property name="guice.disable.misplaced.annotation.check" value="true"/>
    <property name="CATALINA_BASE" value="D:\Works\apache-tomcat-9.0.0.M26"/>
    <property name="HUDSON_SERVER_COOKIE" value="f5d24f0b7a7d65c0"/>
    <property name="JRE_HOME" value="C:\Program Files\Java\jdk1.8.0_144"/>
    <property name="_EXECJAVA" value="start &quot;Tomcat&quot; &quot;C:\Program Files\Java\jdk1.8.0_144\bin\java.exe&quot;"/>
    <property name="_RUNJAVA" value="&quot;C:\Program Files\Java\jdk1.8.0_144\bin\java.exe&quot;"/>
    <property name="MAVEN_HOME" value="D:\Works\apache-maven-3.5.0"/>
    <property name="SESSIONNAME" value="Console"/>
    <property name="PATHEXT" value=".COM;.EXE;.BAT;.CMD;.VBS;.VBE;.JS;.JSE;.WSF;.WSH;.MSC"/>
    <property name="java.awt.printerjob" value="sun.awt.windows.WPrinterJob"/>
    <property name="maven3.interceptor.common" value="C:\Users\ravi.kiran\.jenkins\plugins\maven-plugin\WEB-INF\lib\maven3-interceptor-commons-1.11.jar"/>
    <property name="CLASSPATH" value="D:\Works\apache-tomcat-9.0.0.M26\bin\bootstrap.jar;D:\Works\apache-tomcat-9.0.0.M26\bin\tomcat-juli.jar"/>
    <property name="LOGGING_CONFIG" value="-Djava.util.logging.config.file=&quot;D:\Works\apache-tomcat-9.0.0.M26\conf\logging.properties&quot;"/>
    <property name="Headless Browser" value=" java.awt.headless=false"/>
    <property name="HOMEPATH" value="\Users\ravi.kiran"/>
    <property name="os.name" value="Windows 8.1"/>
    <property name="java.specification.vendor" value="Oracle Corporation"/>
    <property name="FP_NO_HOST_CHECK" value="NO"/>
    <property name="java.vm.name" value="Java HotSpot(TM) 64-Bit Server VM"/>
    <property name="BUILD_NUMBER" value="11"/>
    <property name="maven3.interceptor" value="C:\Users\ravi.kiran\.jenkins\plugins\maven-plugin\WEB-INF\lib\maven35-interceptor-1.11.jar"/>
    <property name="java.library.path" value="C:\Program Files\Java\jdk1.8.0_144\bin;C:\Windows\Sun\Java\bin;C:\Windows\system32;C:\Windows;D:\Works\apache-maven-3.5.0/bin;C:\Program Files\Java\jdk1.8.0_144/bin;C:\ProgramData\Oracle\Java\javapath;C:\Windows\system32;C:\Windows;C:\Windows\System32\Wbem;C:\Windows\System32\WindowsPowerShell\v1.0\;C:\Program Files\PuTTY\;C:\Windows\system32;C:\Windows;C:\Windows\System32\Wbem;C:\Windows\TEMP;C:\Windows\system32;C:\Windows;C:\Windows\System32\Wbem;C:\Windows\system32;C:\Windows;C:\Windows\System32\Wbem;C:\Windows\system32;C:\Windows;C:\Windows\System32\Wbem;%JAVA_HOME%\bin;%JAVA_HOME%\lib;%M2_HOME%\bin;%M2_HOME%\lib;C:\Windows\system32;C:\Windows;C:\Windows\System32\Wbem;C:\Program Files\Git\cmd;C:\Program Files\TortoiseGit\bin;C:\ProgramData\Oracle\Java\javapath;C:\Windows\system32;C:\Windows;C:\Windows\System32\Wbem;C:\Windows\System32\WindowsPowerShell\v1.0\;C:\Program Files\PuTTY\;D:\Works\apache-maven-3.5.0\bin;D:\Works\apache-maven-3.5.0\lib;C:\Windows\system32;C:\Windows;C:\Windows\System32\Wbem;C:\Windows\system32;C:\Windows;C:\Windows\System32\Wbem;C:\Windows\system32;C:\Windows;C:\Windows\System32\Wbem;C:\Windows\system32;C:\Windows;C:\Windows\System32\Wbem;C:\Windows\system32;C:\Windows;C:\Windows\System32\Wbem;C:\Windows\system32;C:\Windows;C:\Windows\System32\Wbem;C:\Windows\system32;C:\Windows;C:\Windows\System32\Wbem;C:\Windows\system32;C:\Windows;C:\Windows\System32\Wbem;C:\Windows\system32;C:\Windows;C:\Windows\System32\Wbem;C:\Windows\system32;C:\Windows;C:\Windows\System32\Wbem;C:\Windows\system32;C:\Windows;C:\Windows\System32\Wbem;C:\Windows\system32;C:\Windows;C:\Windows\System32\Wbem;C:\Windows\system32;C:\Windows;C:\Windows\System32\Wbem;C:\Windows\system32;C:\Windows;C:\Windows\System32\Wbem;C:\Windows\system32;C:\Windows;C:\Windows\System32\Wbem;C:\Windows\system32;C:\Windows;C:\Windows\System32\Wbem;C:\Windows\system32;C:\Windows;C:\Windows\System32\Wbem;C:\Windows\system32;C:\Windows;C:\Windows\System32\Wbem;C:\Windows\system32;C:\Windows;C:\Windows\System32\Wbem;C:\Windows\system32;C:\Windows;C:\Windows\System32\Wbem;C:\Windows\system32;C:\Windows;C:\Windows\System32\Wbem;C:\Windows\system32;C:\Windows;C:\Windows\System32\Wbem;C:\Windows\system32;C:\Windows;C:\Windows\System32\Wbem;C:\Windows\system32;C:\Windows;C:\Windows\System32\Wbem;C:\Windows\system32;C:\Windows;C:\Windows\System32\Wbem;C:\Windows\system32;C:\Windows;C:\Windows\System32\Wbem;C:\Windows\system32;C:\Windows;C:\Windows\System32\Wbem;C:\Windows\system32;C:\Windows;C:\Windows\System32\Wbem;C:\Windows\system32;C:\Windows;C:\Windows\System32\Wbem;C:\Windows\system32;C:\Windows;C:\Windows\System32\Wbem;C:\Windows\system32;C:\Windows;C:\Windows\System32\Wbem;C:\Windows\system32;C:\Windows;C:\Windows\System32\Wbem;C:\Windows\system32;C:\Windows;C:\Windows\System32\Wbem;C:\Windows\system32;C:\Windows;C:\Windows\System32\Wbem;C:\Windows\system32;C:\Windows;C:\Windows\System32\Wbem;C:\Windows\system32;C:\Windows;C:\Windows\System32\Wbem;C:\Windows\system32;C:\Windows;C:\Windows\System32\Wbem;C:\Windows\system32;C:\Windows;C:\Windows\System32\Wbem;."/>
    <property name="HOMEDRIVE" value="C:"/>
    <property name="POM_GROUPID" value="automation"/>
    <property name="POM_ARTIFACTID" value="automation"/>
    <property name="java.class.version" value="52.0"/>
    <property name="JSSE_OPTS" value="&quot;-Djdk.tls.ephemeralDHKeySize=2048&quot;"/>
    <property name="LOGGING_MANAGER" value="-Djava.util.logging.manager=org.apache.juli.ClassLoaderLogManager"/>
    <property name="_RUNJDB" value="&quot;C:\Program Files\Java\jdk1.8.0_144\bin\jdb.exe&quot;"/>
    <property name="RUN_DISPLAY_URL" value="http://unconfigured-jenkins-location/job/Sample%20Test%20Job/11/display/redirect"/>
    <property name="MAINCLASS" value="org.apache.catalina.startup.Bootstrap"/>
    <property name="JENKINS_HOME" value="C:\Users\ravi.kiran\.jenkins"/>
    <property name="BUILD_ID" value="11"/>
    <property name="TEMP" value="C:\Users\RAVI~1.KIR\AppData\Local\Temp"/>
    <property name="sun.boot.library.path" value="C:\Program Files\Java\jdk1.8.0_144\jre\bin"/>
    <property name="JDK_JAVA_OPTIONS" value=" --add-opens=java.base/java.lang=ALL-UNNAMED --add-opens=java.rmi/sun.rmi.transport=ALL-UNNAMED"/>
    <property name="sun.management.compiler" value="HotSpot 64-Bit Tiered Compilers"/>
    <property name="java.awt.graphicsenv" value="sun.awt.Win32GraphicsEnvironment"/>
    <property name="user.variant" value=""/>
    <property name="PROCESSOR_REVISION" value="5e03"/>
    <property name="POM_VERSION" value="1.0-SNAPSHOT"/>
    <property name="HUDSON_HOME" value="C:\Users\ravi.kiran\.jenkins"/>
    <property name="ProgramFiles(x86)" value="C:\Program Files (x86)"/>
    <property name="PATH+MAVEN" value="D:\Works\apache-maven-3.5.0/bin"/>
    <property name="USERDOMAIN_ROAMINGPROFILE" value="SOLIXINDIA"/>
    <property name="PROMPT" value="$P$G"/>
    <property name="BUILD_CAUSE_MANUALTRIGGER" value="true"/>
    <property name="CURRENT_DIR" value="D:\Works\apache-tomcat-9.0.0.M26\bin"/>
    <property name="java.vm.specification.version" value="1.8"/>
    <property name="JAVA_HOME" value="C:\Program Files\Java\jdk1.8.0_144"/>
    <property name="awt.toolkit" value="sun.awt.windows.WToolkit"/>
    <property name="NODE_LABELS" value="master"/>
    <property name="sun.cpu.isalist" value="amd64"/>
    <property name="USERPROFILE" value="C:\Users\ravi.kiran"/>
    <property name="JOB_DISPLAY_URL" value="http://unconfigured-jenkins-location/job/Sample%20Test%20Job/display/redirect"/>
    <property name="java.ext.dirs" value="C:\Program Files\Java\jdk1.8.0_144\jre\lib\ext;C:\Windows\Sun\Java\lib\ext"/>
    <property name="os.version" value="6.3"/>
    <property name="user.home" value="C:\Users\ravi.kiran"/>
    <property name="USERNAME" value="ravi.kiran"/>
    <property name="java.vm.vendor" value="Oracle Corporation"/>
    <property name="PROCESSOR_LEVEL" value="6"/>
    <property name="USERDNSDOMAIN" value="SOLIXINDIA.COM"/>
    <property name="CommonProgramW6432" value="C:\Program Files\Common Files"/>
    <property name="user.dir" value="D:\Worksidea\Projects\automation"/>
    <property name="maven.conf" value="D:\Works\apache-maven-3.5.0\conf"/>
    <property name="ProgramW6432" value="C:\Program Files"/>
    <property name="TMP" value="C:\Users\RAVI~1.KIR\AppData\Local\Temp"/>
    <property name="sun.cpu.endian" value="little"/>
    <property name="SystemDrive" value="C:"/>
    <property name="java.vm.version" value="25.144-b01"/>
    <property name="java.class.path" value="C:\Users\ravi.kiran\.jenkins\plugins\maven-plugin\WEB-INF\lib\maven35-agent-1.11.jar;D:\Works\apache-maven-3.5.0\boot\plexus-classworlds-2.5.2.jar;D:\Works\apache-maven-3.5.0/conf/logging"/>
    <property name="org.slf4j.simpleLogger.defaultLogLevel" value="info"/>
    <property name="os.arch" value="amd64"/>
    <property name="WORKSPACE" value="C:\Users\ravi.kiran\.jenkins\workspace\Sample Test Job"/>
    <property name="ComSpec" value="C:\Windows\system32\cmd.exe"/>
    <property name="sun.java.launcher" value="SUN_STANDARD"/>
    <property name="SystemRoot" value="C:\Windows"/>
    <property name="CommonProgramFiles" value="C:\Program Files\Common Files"/>
    <property name="java.vm.specification.vendor" value="Oracle Corporation"/>
    <property name="file.separator" value="\"/>
    <property name="java.runtime.version" value="1.8.0_144-b01"/>
    <property name="ProgramFiles" value="C:\Program Files"/>
    <property name="sun.boot.class.path" value="C:\Program Files\Java\jdk1.8.0_144\jre\lib\resources.jar;C:\Program Files\Java\jdk1.8.0_144\jre\lib\rt.jar;C:\Program Files\Java\jdk1.8.0_144\jre\lib\sunrsasign.jar;C:\Program Files\Java\jdk1.8.0_144\jre\lib\jsse.jar;C:\Program Files\Java\jdk1.8.0_144\jre\lib\jce.jar;C:\Program Files\Java\jdk1.8.0_144\jre\lib\charsets.jar;C:\Program Files\Java\jdk1.8.0_144\jre\lib\jfr.jar;C:\Program Files\Java\jdk1.8.0_144\jre\classes"/>
    <property name="ROOT_BUILD_CAUSE_MANUALTRIGGER" value="true"/>
    <property name="PATH+JDK" value="C:\Program Files\Java\jdk1.8.0_144/bin"/>
    <property name="user.country" value="US"/>
    <property name="POM_PACKAGING" value="jar"/>
    <property name="maven.home" value="D:\Works\apache-maven-3.5.0"/>
    <property name="JOB_BASE_NAME" value="Sample Test Job"/>
    <property name="java.vendor" value="Oracle Corporation"/>
    <property name="POM_DISPLAYNAME" value="solix"/>
    <property name="java.specification.version" value="1.8"/>
    <property name="sun.arch.data.model" value="64"/>
  </properties>
  <testcase name="testSample" classname="SampleFirefox" time="9.679"/>
</testsuite>